[debug] [2026-05-04T06:40:33.270Z] ----------------------------------------------------------------------
[debug] [2026-05-04T06:40:33.271Z] Command:       C:\Program Files\nodejs\node.exe C:\Users\micha\AppData\Roaming\npm\node_modules\firebase-tools\lib\bin\firebase.js init hosting
[debug] [2026-05-04T06:40:33.271Z] CLI Version:   15.16.0
[debug] [2026-05-04T06:40:33.271Z] Platform:      win32
[debug] [2026-05-04T06:40:33.271Z] Node Version:  v24.15.0
[debug] [2026-05-04T06:40:33.271Z] Time:          Mon May 04 2026 02:40:33 GMT-0400 (Eastern Daylight Time)
[debug] [2026-05-04T06:40:33.271Z] ----------------------------------------------------------------------
[debug] 
[info] 
     ######## #### ########  ######## ########     ###     ######  ########
     ##        ##  ##     ## ##       ##     ##  ##   ##  ##       ##
     ######    ##  ########  ######   ########  #########  ######  ######
     ##        ##  ##    ##  ##       ##     ## ##     ##       ## ##
     ##       #### ##     ## ######## ########  ##     ##  ######  ########

You're about to initialize a Firebase project in this directory:

  C:\Users\micha\OneDrive\Desktop\DevFolio

[debug] [2026-05-04T06:41:20.182Z] ExitPromptError: User force closed the prompt with SIGINT
    at Interface.sigint (C:\Users\micha\AppData\Roaming\npm\node_modules\firebase-tools\node_modules\@inquirer\core\dist\commonjs\lib\create-prompt.js:101:37)
    at Interface.emit (node:events:509:28)
    at [_ttyWrite] [as _ttyWrite] (node:internal/readline/interface:1327:18)
    at ReadStream.onkeypress (node:internal/readline/interface:284:20)
    at ReadStream.emit (node:events:521:24)
    at emitKeys (node:internal/readline/utils:371:14)
    at emitKeys.next (<anonymous>)
    at ReadStream.onData (node:internal/readline/emitKeypressEvents:64:36)
    at ReadStream.emit (node:events:509:28)
    at addChunk (node:internal/streams/readable:563:12)
[error] 
[error] Error: An unexpected error has occurred.
